# JRE version: OpenJDK Runtime Environment (8.0_202-b03) (build 1.8.0_202-release-1483-b03)
# Java VM: OpenJDK 64-Bit Server VM (25.202-b03 mixed mode windows-amd64 compressed oops)
Heap:
 PSYoungGen      total 137728K, used 110704K [0x00000000f5580000, 0x00000000ff280000, 0x0000000100000000)
  eden space 119808K, 92% used [0x00000000f5580000,0x00000000fc19c2b8,0x00000000fca80000)
  from space 17920K, 0% used [0x00000000fca80000,0x00000000fca80000,0x00000000fdc00000)
  to   space 14848K, 0% used [0x00000000fdc00000,0x00000000fdc00000,0x00000000fea80000)
 ParOldGen       total 188416K, used 39129K [0x00000000e0000000, 0x00000000eb800000, 0x00000000f5580000)
  object space 188416K, 20% used [0x00000000e0000000,0x00000000e2636428,0x00000000eb800000)
 Metaspace       used 62128K, capacity 64518K, committed 64680K, reserved 1105920K
  class space    used 8539K, capacity 9089K, committed 9128K, reserved 1048576K
GC Heap History (10 events):
Event: 4.455 GC heap before
{Heap before GC invocations=8 (full 2):
 PSYoungGen      total 108032K, used 10362K [0x00000000f5580000, 0x00000000fd200000, 0x0000000100000000)
  eden space 94720K, 0% used [0x00000000f5580000,0x00000000f5580000,0x00000000fb200000)
  from space 13312K, 77% used [0x00000000fbf00000,0x00000000fc91eaf8,0x00000000fcc00000)
  to   space 13312K, 0% used [0x00000000fb200000,0x00000000fb200000,0x00000000fbf00000)
 ParOldGen       total 114688K, used 12021K [0x00000000e0000000, 0x00000000e7000000, 0x00000000f5580000)
  object space 114688K, 10% used [0x00000000e0000000,0x00000000e0bbd5a0,0x00000000e7000000)
 Metaspace       used 34457K, capacity 35484K, committed 35496K, reserved 1079296K
  class space    used 4783K, capacity 5025K, committed 5032K, reserved 1048576K
Event: 4.516 GC heap after
Heap after GC invocations=8 (full 2):
 PSYoungGen      total 108032K, used 0K [0x00000000f5580000, 0x00000000fd200000, 0x0000000100000000)
  eden space 94720K, 0% used [0x00000000f5580000,0x00000000f5580000,0x00000000fb200000)
  from space 13312K, 0% used [0x00000000fbf00000,0x00000000fbf00000,0x00000000fcc00000)
  to   space 13312K, 0% used [0x00000000fb200000,0x00000000fb200000,0x00000000fbf00000)
 ParOldGen       total 188416K, used 17698K [0x00000000e0000000, 0x00000000eb800000, 0x00000000f5580000)
  object space 188416K, 9% used [0x00000000e0000000,0x00000000e1148840,0x00000000eb800000)
 Metaspace       used 34457K, capacity 35484K, committed 35496K, reserved 1079296K
  class space    used 4783K, capacity 5025K, committed 5032K, reserved 1048576K
}
Event: 6.385 GC heap before
{Heap before GC invocations=9 (full 2):
 PSYoungGen      total 108032K, used 94720K [0x00000000f5580000, 0x00000000fd200000, 0x0000000100000000)
  eden space 94720K, 100% used [0x00000000f5580000,0x00000000fb200000,0x00000000fb200000)
  from space 13312K, 0% used [0x00000000fbf00000,0x00000000fbf00000,0x00000000fcc00000)
  to   space 13312K, 0% used [0x00000000fb200000,0x00000000fb200000,0x00000000fbf00000)
 ParOldGen       total 188416K, used 17698K [0x00000000e0000000, 0x00000000eb800000, 0x00000000f5580000)
  object space 188416K, 9% used [0x00000000e0000000,0x00000000e1148840,0x00000000eb800000)
 Metaspace       used 43196K, capacity 44638K, committed 44840K, reserved 1087488K
  class space    used 5858K, capacity 6175K, committed 6184K, reserved 1048576K
Event: 6.395 GC heap after
Heap after GC invocations=9 (full 2):
 PSYoungGen      total 108032K, used 12988K [0x00000000f5580000, 0x00000000fea80000, 0x0000000100000000)
  eden space 94720K, 0% used [0x00000000f5580000,0x00000000f5580000,0x00000000fb200000)
  from space 13312K, 97% used [0x00000000fb200000,0x00000000fbeaf210,0x00000000fbf00000)
  to   space 14848K, 0% used [0x00000000fdc00000,0x00000000fdc00000,0x00000000fea80000)
 ParOldGen       total 188416K, used 17706K [0x00000000e0000000, 0x00000000eb800000, 0x00000000f5580000)
  object space 188416K, 9% used [0x00000000e0000000,0x00000000e114a840,0x00000000eb800000)
 Metaspace       used 43196K, capacity 44638K, committed 44840K, reserved 1087488K
  class space    used 5858K, capacity 6175K, committed 6184K, reserved 1048576K
}
Event: 7.361 GC heap before
{Heap before GC invocations=10 (full 2):
 PSYoungGen      total 108032K, used 107708K [0x00000000f5580000, 0x00000000fea80000, 0x0000000100000000)
  eden space 94720K, 100% used [0x00000000f5580000,0x00000000fb200000,0x00000000fb200000)
  from space 13312K, 97% used [0x00000000fb200000,0x00000000fbeaf210,0x00000000fbf00000)
  to   space 14848K, 0% used [0x00000000fdc00000,0x00000000fdc00000,0x00000000fea80000)
 ParOldGen       total 188416K, used 17706K [0x00000000e0000000, 0x00000000eb800000, 0x00000000f5580000)
  object space 188416K, 9% used [0x00000000e0000000,0x00000000e114a840,0x00000000eb800000)
 Metaspace       used 49539K, capacity 51312K, committed 51496K, reserved 1093632K
  class space    used 6715K, capacity 7153K, committed 7208K, reserved 1048576K
Event: 7.375 GC heap after
Heap after GC invocations=10 (full 2):
 PSYoungGen      total 134656K, used 14842K [0x00000000f5580000, 0x00000000ff280000, 0x0000000100000000)
  eden space 119808K, 0% used [0x00000000f5580000,0x00000000f5580000,0x00000000fca80000)
  from space 14848K, 99% used [0x00000000fdc00000,0x00000000fea7e958,0x00000000fea80000)
  to   space 17920K, 0% used [0x00000000fca80000,0x00000000fca80000,0x00000000fdc00000)
 ParOldGen       total 188416K, used 21203K [0x00000000e0000000, 0x00000000eb800000, 0x00000000f5580000)
  object space 188416K, 11% used [0x00000000e0000000,0x00000000e14b4f60,0x00000000eb800000)
 Metaspace       used 49539K, capacity 51312K, committed 51496K, reserved 1093632K
  class space    used 6715K, capacity 7153K, committed 7208K, reserved 1048576K
}
Event: 8.652 GC heap before
{Heap before GC invocations=11 (full 2):
 PSYoungGen      total 134656K, used 121364K [0x00000000f5580000, 0x00000000ff280000, 0x0000000100000000)
  eden space 119808K, 88% used [0x00000000f5580000,0x00000000fbd869f0,0x00000000fca80000)
  from space 14848K, 99% used [0x00000000fdc00000,0x00000000fea7e958,0x00000000fea80000)
  to   space 17920K, 0% used [0x00000000fca80000,0x00000000fca80000,0x00000000fdc00000)
 ParOldGen       total 188416K, used 21203K [0x00000000e0000000, 0x00000000eb800000, 0x00000000f5580000)
  object space 188416K, 11% used [0x00000000e0000000,0x00000000e14b4f60,0x00000000eb800000)
 Metaspace       used 56747K, capacity 59044K, committed 59160K, reserved 1099776K
  class space    used 7760K, capacity 8298K, committed 8360K, reserved 1048576K
Event: 8.716 GC heap after
Heap after GC invocations=11 (full 2):
 PSYoungGen      total 137728K, used 17908K [0x00000000f5580000, 0x00000000ff280000, 0x0000000100000000)
  eden space 119808K, 0% used [0x00000000f5580000,0x00000000f5580000,0x00000000fca80000)
  from space 17920K, 99% used [0x00000000fca80000,0x00000000fdbfd320,0x00000000fdc00000)
  to   space 14848K, 0% used [0x00000000fdc00000,0x00000000fdc00000,0x00000000fea80000)
 ParOldGen       total 188416K, used 27735K [0x00000000e0000000, 0x00000000eb800000, 0x00000000f5580000)
  object space 188416K, 14% used [0x00000000e0000000,0x00000000e1b15db8,0x00000000eb800000)
 Metaspace       used 56747K, capacity 59044K, committed 59160K, reserved 1099776K
  class space    used 7760K, capacity 8298K, committed 8360K, reserved 1048576K
}
Event: 8.716 GC heap before
{Heap before GC invocations=12 (full 3):
 PSYoungGen      total 137728K, used 17908K [0x00000000f5580000, 0x00000000ff280000, 0x0000000100000000)
  eden space 119808K, 0% used [0x00000000f5580000,0x00000000f5580000,0x00000000fca80000)
  from space 17920K, 99% used [0x00000000fca80000,0x00000000fdbfd320,0x00000000fdc00000)
  to   space 14848K, 0% used [0x00000000fdc00000,0x00000000fdc00000,0x00000000fea80000)
 ParOldGen       total 188416K, used 27735K [0x00000000e0000000, 0x00000000eb800000, 0x00000000f5580000)
  object space 188416K, 14% used [0x00000000e0000000,0x00000000e1b15db8,0x00000000eb800000)
 Metaspace       used 56747K, capacity 59044K, committed 59160K, reserved 1099776K
  class space    used 7760K, capacity 8298K, committed 8360K, reserved 1048576K
Event: 8.982 GC heap after
Heap after GC invocations=12 (full 3):
 PSYoungGen      total 137728K, used 0K [0x00000000f5580000, 0x00000000ff280000, 0x0000000100000000)
  eden space 119808K, 0% used [0x00000000f5580000,0x00000000f5580000,0x00000000fca80000)
  from space 17920K, 0% used [0x00000000fca80000,0x00000000fca80000,0x00000000fdc00000)
  to   space 14848K, 0% used [0x00000000fdc00000,0x00000000fdc00000,0x00000000fea80000)
 ParOldGen       total 188416K, used 39129K [0x00000000e0000000, 0x00000000eb800000, 0x00000000f5580000)
  object space 188416K, 20% used [0x00000000e0000000,0x00000000e2636428,0x00000000eb800000)
 Metaspace       used 56710K, capacity 58918K, committed 59160K, reserved 1099776K
  class space    used 7748K, capacity 8277K, committed 8360K, reserved 1048576K
}

